Removed Pin From Net: NetName=CAN_L Pin=CN3-1
Removed Pin From Net: NetName=CAN_H Pin=CN3-2
Removed Pin From Net: NetName=VCC_5V_INPUT Pin=CN4-1
Removed Pin From Net: NetName=GND Pin=CN4-2
Removed Pin From Net: NetName=SPI_NSS Pin=R3-1
Removed Pin From Net: NetName=SPI_SCK Pin=R4-1
Removed Pin From Net: NetName=SPI_MISO Pin=R5-1
Removed Pin From Net: NetName=SPI_MOSI Pin=R6-1
Removed Member From Class: ClassName=GyroBoard Member=CN3
Removed Member From Class: ClassName=GyroBoard Member=CN4
Removed Member From Class: ClassName=GyroBoard Member=R3
Removed Member From Class: ClassName=GyroBoard Member=R4
Removed Member From Class: ClassName=GyroBoard Member=R5
Removed Member From Class: ClassName=GyroBoard Member=R6
Change Component Footprint: Designator=R10 Old Footprint=0603 New Footprint=0402
Added Pin To Net: NetName=SPI_NSS Pin=U1-14
Added Pin To Net: NetName=SPI_SCK Pin=U1-15
Added Pin To Net: NetName=SPI_MISO Pin=U1-16
Added Pin To Net: NetName=SPI_MOSI Pin=U1-17
Added Member To Class: ClassName=GyroBoard Member=Component C3 47pF
Added Member To Class: ClassName=GyroBoard Member=Component C12 20pF
Added Member To Class: ClassName=GyroBoard Member=Component C14 104
Added Member To Class: ClassName=GyroBoard Member=Component U1 STM32F103C6T7A
