Removed Pin From Net: NetName=VCC_5V_INPUT Pin=C10-1
Removed Pin From Net: NetName=GND Pin=C10-2
Removed Pin From Net: NetName=NetL1_2 Pin=L2-2
Removed Pin From Net: NetName=SPI_NSS Pin=U1-14
Removed Pin From Net: NetName=SPI_SCK Pin=U1-15
Removed Pin From Net: NetName=SPI_MISO Pin=U1-16
Removed Pin From Net: NetName=SPI_MOSI Pin=U1-17
Removed Pin From Net: NetName=NetL1_2 Pin=U1-30
Removed Pin From Net: NetName=NetL1_2 Pin=U1-31
Removed Pin From Net: NetName=NetL1_2 Pin=U1-33
Removed Pin From Net: NetName=VCC_5V_INPUT Pin=U4-2
Removed Pin From Net: NetName=GND Pin=U4-3
Change Component Footprint: Designator=R6 Old Footprint=0402 New Footprint=0603
Change Component Comment : Designator=D1 Old Comment=LED0 New Comment=LED_RED
Change Component Designator: OldDesignator=C10 NewDesignator=C11
Change Component Designator: OldDesignator=C11 NewDesignator=C12
Change Component Designator: OldDesignator=C12 NewDesignator=C13
Change Component Designator: OldDesignator=C13 NewDesignator=C14
Change Component Designator: OldDesignator=C14 NewDesignator=C15
Change Component Designator: OldDesignator=C15 NewDesignator=C16
Change Component Designator: OldDesignator=C16 NewDesignator=C17
Change Component Designator: OldDesignator=D1 NewDesignator=D2
Change Component Designator: OldDesignator=D2 NewDesignator=D3
Change Component Designator: OldDesignator=R3 NewDesignator=R7
Change Component Designator: OldDesignator=R4 NewDesignator=R9
Change Component Designator: OldDesignator=R5 NewDesignator=R10
Change Component Designator: OldDesignator=R6 NewDesignator=R11
Added Component: Designator=C10(0402)
Add component. Clean all parameters for all variants
Add component (AddParameter): Name = "LatestRevisionDate"; Value = "17-Jul-2002"; VariantName = "[No Variations]"
Add component (AddParameter): Name = "LatestRevisionNote"; Value = "Re-released for DXP Platform."; VariantName = "[No Variations]"
Add component (AddParameter): Name = "PackageReference"; Value = "RAD-0.3"; VariantName = "[No Variations]"
Add component (AddParameter): Name = "Published"; Value = "8-Jun-2000"; VariantName = "[No Variations]"
Add component (AddParameter): Name = "Publisher"; Value = "Altium Limited"; VariantName = "[No Variations]"
Add component (AddParameter): Name = "Value"; Value = "22pF"; VariantName = "[No Variations]"
Added Component: Designator=D1(LED-0603)
Add component. Clean all parameters for all variants
Add component (AddParameter): Name = "LatestRevisionDate"; Value = "08-Jul-2005"; VariantName = "[No Variations]"
Add component (AddParameter): Name = "LatestRevisionNote"; Value = "Mech Layer 1 removed."; VariantName = "[No Variations]"
Add component (AddParameter): Name = "PackageDescription"; Value = "LED; 2 Leads"; VariantName = "[No Variations]"
Add component (AddParameter): Name = "PackageReference"; Value = "LED-0"; VariantName = "[No Variations]"
Add component (AddParameter): Name = "Published"; Value = "8-Jun-2000"; VariantName = "[No Variations]"
Add component (AddParameter): Name = "Publisher"; Value = "Altium Limited"; VariantName = "[No Variations]"
Added Component: Designator=R8(0402)
Add component. Clean all parameters for all variants
Add component (AddParameter): Name = "LatestRevisionDate"; Value = "17-Jul-2002"; VariantName = "[No Variations]"
Add component (AddParameter): Name = "LatestRevisionNote"; Value = "Re-released for DXP Platform."; VariantName = "[No Variations]"
Add component (AddParameter): Name = "PackageReference"; Value = "AXIAL-0.4"; VariantName = "[No Variations]"
Add component (AddParameter): Name = "Published"; Value = "8-Jun-2000"; VariantName = "[No Variations]"
Add component (AddParameter): Name = "Publisher"; Value = "Altium Limited"; VariantName = "[No Variations]"
Add component (AddParameter): Name = "Value"; Value = "10K"; VariantName = "[No Variations]"
Added Pin To Net: NetName=GND Pin=C10-1
Added Pin To Net: NetName=VCC_5V_INPUT Pin=C10-2
Added Pin To Net: NetName=GND Pin=C11-1
Added Pin To Net: NetName=VCC_5V_INPUT Pin=C11-2
Added Pin To Net: NetName=3V3 Pin=D1-1
Added Pin To Net: NetName=GND Pin=U4-2
Added Pin To Net: NetName=VCC_5V_INPUT Pin=U4-3
Change Net Name : Old Net Name=NetD1_2 New Net Name=NetD2_2
Change Net Name : Old Net Name=NetR5_1 New Net Name=NetR10_1
Added Pin To Net: NetName=LED_TEST Pin=R8-1
Added Pin To Net: NetName=LED_TEST Pin=U1-18
Added Net: Name=LED_TEST
Added Pin To Net: NetName=NetD1_2 Pin=D1-2
Added Pin To Net: NetName=NetD1_2 Pin=R8-2
Added Net: Name=NetD1_2
Added Pin To Net: NetName=NetL2_2 Pin=L2-2
Added Pin To Net: NetName=NetL2_2 Pin=U1-33
Added Net: Name=NetL2_2
Added Pin To Net: NetName=NetR3_2 Pin=U1-14
Added Net: Name=NetR3_2
Added Pin To Net: NetName=NetR4_2 Pin=U1-15
Added Net: Name=NetR4_2
Added Pin To Net: NetName=NetR5_2 Pin=U1-16
Added Net: Name=NetR5_2
Added Pin To Net: NetName=NetR6_2 Pin=U1-17
Added Net: Name=NetR6_2
Added Member To Class: ClassName=GyroBoard Member=Component C17 105
Added Member To Class: ClassName=GyroBoard Member=Component D3 SM712_C293966
Added Member To Class: ClassName=GyroBoard Member=Component R7 10K
Added Member To Class: ClassName=GyroBoard Member=Component R8 200R
Added Member To Class: ClassName=GyroBoard Member=Component R9 200R
Added Member To Class: ClassName=GyroBoard Member=Component R10 4.7K
Added Member To Class: ClassName=GyroBoard Member=Component R11 120R
